<?xml version="1.0" encoding="UTF-8"?>
<testsuite xmlns:xsi="http://www.w3.org/2001/XMLSchema-instance" xsi:noNamespaceSchemaLocation="https://maven.apache.org/surefire/maven-surefire-plugin/xsd/surefire-test-report.xsd" name="foodordering.order.OrderTest" time="0.009" tests="8" errors="0" skipped="0" failures="0">
  <properties>
[...]
</properties>
  <testcase name="mealListShouldBeEmptyAfterCreationOfOrder" classname="foodordering.order.OrderTest" time="0"/>
  <testcase name="testIfTotalPriceReturnsCorrectPrice" classname="foodordering.order.OrderTest" time="0"/>
  <testcase name="removingMealFromOrderShouldDecreaseOrderSize" classname="foodordering.order.OrderTest" time="0"/>
  <testcase name="addingMealToOrderShouldIncreaseOrderSize" classname="foodordering.order.OrderTest" time="0.001"/>
  <testcase name="throwsExceptionWhenPriceBelowZero" classname="foodordering.order.OrderTest" time="0.004"/>
  <testcase name="mealsShouldBeInCorrectOrderAfterAddingThemToOrder" classname="foodordering.order.OrderTest" time="0.001"/>
  <testcase name="orderStatusShouldBeChanged" classname="foodordering.order.OrderTest" time="0"/>
  <testcase name="listOfMelasShouldBeEmptyAfterCancellation" classname="foodordering.order.OrderTest" time="0"/>
</testsuite>